{"name": "test_search_product", "status": "broken", "statusDetails": {"message": "selenium.common.exceptions.TimeoutException: Message: \nStacktrace:\n\tGetHandleVerifier [0x00007FF61A683E32+31618]\n\t(No symbol) [0x00007FF61A5FB099]\n\t(No symbol) [0x00007FF61A4B888A]\n\t(No symbol) [0x00007FF61A508524]\n\t(No symbol) [0x00007FF61A50862C]\n\t(No symbol) [0x00007FF61A54F787]\n\t(No symbol) [0x00007FF61A52D14F]\n\t(No symbol) [0x00007FF61A54CA80]\n\t(No symbol) [0x00007FF61A52CEB3]\n\t(No symbol) [0x00007FF61A4FA46B]\n\t(No symbol) [0x00007FF61A4FB001]\n\tGetHandleVerifier [0x00007FF61A989FFD+3202381]\n\tGetHandleVerifier [0x00007FF61A9D6A1D+3516269]\n\tGetHandleVerifier [0x00007FF61A9CC490+3473888]\n\tGetHandleVerifier [0x00007FF61A735D36+760454]\n\t(No symbol) [0x00007FF61A606B3F]\n\t(No symbol) [0x00007FF61A601CD4]\n\t(No symbol) [0x00007FF61A601E62]\n\t(No symbol) [0x00007FF61A5F120F]\n\tBaseThreadInitThunk [0x00007FFC0523257D+29]\n\tRtlUserThreadStart [0x00007FFC064CAA48+40]", "trace": "driver = <selenium.webdriver.chrome.webdriver.WebDriver (session=\"586ef7e1a275eb99c8ad7260be129bcb\")>\n\n    def test_search_product(driver):\n        product_page = ProductPage(driver)\n        product_page.open_url(config.url)\n        product_page.search_product(test_data.search_data)\n        # Select brand and price range\n        product_page.select_brand()\n>       product_page.select_price_range()\n\nTest\\test_1.py:13: \n_ _ _ _ _ _ _ _ _ _ _ _ _ _ _ _ _ _ _ _ _ _ _ _ _ _ _ _ _ _ _ _ _ _ _ _ _ _ _ _ _ _ _ _ _ _ _ _ _ _ _ _ _ _ _ _ _ _ _ _ _ _ _ _ _ _ _ _ _ _ _ _\nPages\\product_page.py:33: in select_price_range\n    self.find_and_click(self.brand_price_filter)\nHelpers\\basic_page.py:31: in find_and_click\n    elem = WebDriverWait(self.driver, sec).until(EC.element_to_be_clickable(loc))\n_ _ _ _ _ _ _ _ _ _ _ _ _ _ _ _ _ _ _ _ _ _ _ _ _ _ _ _ _ _ _ _ _ _ _ _ _ _ _ _ _ _ _ _ _ _ _ _ _ _ _ _ _ _ _ _ _ _ _ _ _ _ _ _ _ _ _ _ _ _ _ _\n\nself = <selenium.webdriver.support.wait.WebDriverWait (session=\"586ef7e1a275eb99c8ad7260be129bcb\")>\nmethod = <function element_to_be_clickable.<locals>._predicate at 0x0000024AD8A377E0>, message = ''\n\n    def until(self, method: Callable[[D], Union[Literal[False], T]], message: str = \"\") -> T:\n        \"\"\"Calls the method provided with the driver as an argument until the \\\n        return value does not evaluate to ``False``.\n    \n        :param method: callable(WebDriver)\n        :param message: optional message for :exc:`TimeoutException`\n        :returns: the result of the last call to `method`\n        :raises: :exc:`selenium.common.exceptions.TimeoutException` if timeout occurs\n        \"\"\"\n        screen = None\n        stacktrace = None\n    \n        end_time = time.monotonic() + self._timeout\n        while True:\n            try:\n                value = method(self._driver)\n                if value:\n                    return value\n            except self._ignored_exceptions as exc:\n                screen = getattr(exc, \"screen\", None)\n                stacktrace = getattr(exc, \"stacktrace\", None)\n            time.sleep(self._poll)\n            if time.monotonic() > end_time:\n                break\n>       raise TimeoutException(message, screen, stacktrace)\nE       selenium.common.exceptions.TimeoutException: Message: \nE       Stacktrace:\nE       \tGetHandleVerifier [0x00007FF61A683E32+31618]\nE       \t(No symbol) [0x00007FF61A5FB099]\nE       \t(No symbol) [0x00007FF61A4B888A]\nE       \t(No symbol) [0x00007FF61A508524]\nE       \t(No symbol) [0x00007FF61A50862C]\nE       \t(No symbol) [0x00007FF61A54F787]\nE       \t(No symbol) [0x00007FF61A52D14F]\nE       \t(No symbol) [0x00007FF61A54CA80]\nE       \t(No symbol) [0x00007FF61A52CEB3]\nE       \t(No symbol) [0x00007FF61A4FA46B]\nE       \t(No symbol) [0x00007FF61A4FB001]\nE       \tGetHandleVerifier [0x00007FF61A989FFD+3202381]\nE       \tGetHandleVerifier [0x00007FF61A9D6A1D+3516269]\nE       \tGetHandleVerifier [0x00007FF61A9CC490+3473888]\nE       \tGetHandleVerifier [0x00007FF61A735D36+760454]\nE       \t(No symbol) [0x00007FF61A606B3F]\nE       \t(No symbol) [0x00007FF61A601CD4]\nE       \t(No symbol) [0x00007FF61A601E62]\nE       \t(No symbol) [0x00007FF61A5F120F]\nE       \tBaseThreadInitThunk [0x00007FFC0523257D+29]\nE       \tRtlUserThreadStart [0x00007FFC064CAA48+40]\n\nC:\\Python312\\Lib\\site-packages\\selenium\\webdriver\\support\\wait.py:105: TimeoutException"}, "attachments": [{"name": "log", "source": "795c7764-eec5-4bb9-bc39-2e70da448cb8-attachment.txt", "type": "text/plain"}], "start": 1718903891594, "stop": 1718903936252, "uuid": "ca47c70b-9711-4249-9d2a-196423a795d2", "historyId": "72ad3c5d6b9571cb5f05ec68fba1c7cf", "testCaseId": "72ad3c5d6b9571cb5f05ec68fba1c7cf", "fullName": "Test.test_1#test_search_product", "labels": [{"name": "parentSuite", "value": "Test"}, {"name": "suite", "value": "test_1"}, {"name": "host", "value": "DESKTOP-BHS12MO"}, {"name": "thread", "value": "22404-MainThread"}, {"name": "framework", "value": "pytest"}, {"name": "language", "value": "cpython3"}, {"name": "package", "value": "Test.test_1"}]}